# JRE version: OpenJDK Runtime Environment Microsoft-8035246 (17.0.8+7) (build 17.0.8+7-LTS)
# Java VM: OpenJDK 64-Bit Server VM Microsoft-8035246 (17.0.8+7-LTS, mixed mode, sharing, tiered, compressed oops, compressed class ptrs, g1 gc, windows-amd64)
GC Precious Log:
 CPUs: 8 total, 8 available
 Memory: 7952M
 Large Page Support: Disabled
 NUMA Support: Disabled
 Compressed Oops: Enabled (32-bit)
 Heap Region Size: 1M
 Heap Min Capacity: 8M
 Heap Initial Capacity: 126M
 Heap Max Capacity: 2G
 Pre-touch: Disabled
 Parallel Workers: 8
 Concurrent Workers: 2
 Concurrent Refinement Workers: 8
 Periodic GC: Disabled
Heap:
 garbage-first heap   total 296960K, used 237900K [0x0000000080000000, 0x0000000100000000)
  region size 1024K, 53 young (54272K), 1 survivors (1024K)
 Metaspace       used 102312K, committed 103296K, reserved 557056K
  class space    used 14397K, committed 14848K, reserved 425984K
GC Heap History (20 events):
Event: 24.710 GC heap before
{Heap before GC invocations=44 (full 0):
 garbage-first heap   total 280576K, used 215549K [0x0000000080000000, 0x0000000100000000)
  region size 1024K, 123 young (125952K), 12 survivors (12288K)
 Metaspace       used 86714K, committed 87552K, reserved 557056K
  class space    used 12285K, committed 12672K, reserved 425984K
}
Event: 24.725 GC heap after
{Heap after GC invocations=45 (full 0):
 garbage-first heap   total 280576K, used 115744K [0x0000000080000000, 0x0000000100000000)
  region size 1024K, 16 young (16384K), 16 survivors (16384K)
 Metaspace       used 86714K, committed 87552K, reserved 557056K
  class space    used 12285K, committed 12672K, reserved 425984K
}
Event: 26.079 GC heap before
{Heap before GC invocations=45 (full 0):
 garbage-first heap   total 280576K, used 215072K [0x0000000080000000, 0x0000000100000000)
  region size 1024K, 113 young (115712K), 16 survivors (16384K)
 Metaspace       used 92259K, committed 93184K, reserved 557056K
  class space    used 13110K, committed 13504K, reserved 425984K
}
Event: 26.092 GC heap after
{Heap after GC invocations=46 (full 0):
 garbage-first heap   total 280576K, used 122499K [0x0000000080000000, 0x0000000100000000)
  region size 1024K, 6 young (6144K), 6 survivors (6144K)
 Metaspace       used 92259K, committed 93184K, reserved 557056K
  class space    used 13110K, committed 13504K, reserved 425984K
}
Event: 26.902 GC heap before
{Heap before GC invocations=46 (full 0):
 garbage-first heap   total 280576K, used 219779K [0x0000000080000000, 0x0000000100000000)
  region size 1024K, 101 young (103424K), 6 survivors (6144K)
 Metaspace       used 94028K, committed 94976K, reserved 557056K
  class space    used 13326K, committed 13760K, reserved 425984K
}
Event: 26.915 GC heap after
{Heap after GC invocations=47 (full 0):
 garbage-first heap   total 280576K, used 136002K [0x0000000080000000, 0x0000000100000000)
  region size 1024K, 13 young (13312K), 13 survivors (13312K)
 Metaspace       used 94028K, committed 94976K, reserved 557056K
  class space    used 13326K, committed 13760K, reserved 425984K
}
Event: 28.021 GC heap before
{Heap before GC invocations=47 (full 0):
 garbage-first heap   total 280576K, used 220994K [0x0000000080000000, 0x0000000100000000)
  region size 1024K, 95 young (97280K), 13 survivors (13312K)
 Metaspace       used 95090K, committed 96064K, reserved 557056K
  class space    used 13424K, committed 13888K, reserved 425984K
}
Event: 28.040 GC heap after
{Heap after GC invocations=48 (full 0):
 garbage-first heap   total 280576K, used 153600K [0x0000000080000000, 0x0000000100000000)
  region size 1024K, 12 young (12288K), 12 survivors (12288K)
 Metaspace       used 95090K, committed 96064K, reserved 557056K
  class space    used 13424K, committed 13888K, reserved 425984K
}
Event: 29.375 GC heap before
{Heap before GC invocations=48 (full 0):
 garbage-first heap   total 280576K, used 221184K [0x0000000080000000, 0x0000000100000000)
  region size 1024K, 78 young (79872K), 12 survivors (12288K)
 Metaspace       used 100054K, committed 100992K, reserved 557056K
  class space    used 14111K, committed 14528K, reserved 425984K
}
Event: 29.389 GC heap after
{Heap after GC invocations=49 (full 0):
 garbage-first heap   total 280576K, used 161649K [0x0000000080000000, 0x0000000100000000)
  region size 1024K, 7 young (7168K), 7 survivors (7168K)
 Metaspace       used 100054K, committed 100992K, reserved 557056K
  class space    used 14111K, committed 14528K, reserved 425984K
}
Event: 30.179 GC heap before
{Heap before GC invocations=50 (full 0):
 garbage-first heap   total 286720K, used 221041K [0x0000000080000000, 0x0000000100000000)
  region size 1024K, 69 young (70656K), 7 survivors (7168K)
 Metaspace       used 101312K, committed 102336K, reserved 557056K
  class space    used 14322K, committed 14784K, reserved 425984K
}
Event: 30.192 GC heap after
{Heap after GC invocations=51 (full 0):
 garbage-first heap   total 286720K, used 164665K [0x0000000080000000, 0x0000000100000000)
  region size 1024K, 7 young (7168K), 7 survivors (7168K)
 Metaspace       used 101312K, committed 102336K, reserved 557056K
  class space    used 14322K, committed 14784K, reserved 425984K
}
Event: 30.283 GC heap before
{Heap before GC invocations=51 (full 0):
 garbage-first heap   total 286720K, used 170809K [0x0000000080000000, 0x0000000100000000)
  region size 1024K, 14 young (14336K), 7 survivors (7168K)
 Metaspace       used 101374K, committed 102400K, reserved 557056K
  class space    used 14324K, committed 14784K, reserved 425984K
}
Event: 30.291 GC heap after
{Heap after GC invocations=52 (full 0):
 garbage-first heap   total 286720K, used 165546K [0x0000000080000000, 0x0000000100000000)
  region size 1024K, 2 young (2048K), 2 survivors (2048K)
 Metaspace       used 101374K, committed 102400K, reserved 557056K
  class space    used 14324K, committed 14784K, reserved 425984K
}
Event: 31.157 GC heap before
{Heap before GC invocations=52 (full 0):
 garbage-first heap   total 286720K, used 231082K [0x0000000080000000, 0x0000000100000000)
  region size 1024K, 67 young (68608K), 2 survivors (2048K)
 Metaspace       used 101984K, committed 102976K, reserved 557056K
  class space    used 14380K, committed 14848K, reserved 425984K
}
Event: 31.165 GC heap after
{Heap after GC invocations=53 (full 0):
 garbage-first heap   total 286720K, used 170056K [0x0000000080000000, 0x0000000100000000)
  region size 1024K, 6 young (6144K), 6 survivors (6144K)
 Metaspace       used 101984K, committed 102976K, reserved 557056K
  class space    used 14380K, committed 14848K, reserved 425984K
}
Event: 32.325 GC heap before
{Heap before GC invocations=54 (full 0):
 garbage-first heap   total 296960K, used 237640K [0x0000000080000000, 0x0000000100000000)
  region size 1024K, 69 young (70656K), 6 survivors (6144K)
 Metaspace       used 102062K, committed 103104K, reserved 557056K
  class space    used 14377K, committed 14848K, reserved 425984K
}
Event: 32.333 GC heap after
{Heap after GC invocations=55 (full 0):
 garbage-first heap   total 296960K, used 174640K [0x0000000080000000, 0x0000000100000000)
  region size 1024K, 5 young (5120K), 5 survivors (5120K)
 Metaspace       used 102062K, committed 103104K, reserved 557056K
  class space    used 14377K, committed 14848K, reserved 425984K
}
Event: 32.399 GC heap before
{Heap before GC invocations=55 (full 0):
 garbage-first heap   total 296960K, used 182832K [0x0000000080000000, 0x0000000100000000)
  region size 1024K, 14 young (14336K), 5 survivors (5120K)
 Metaspace       used 102097K, committed 103104K, reserved 557056K
  class space    used 14379K, committed 14848K, reserved 425984K
}
Event: 32.403 GC heap after
{Heap after GC invocations=56 (full 0):
 garbage-first heap   total 296960K, used 174412K [0x0000000080000000, 0x0000000100000000)
  region size 1024K, 1 young (1024K), 1 survivors (1024K)
 Metaspace       used 102097K, committed 103104K, reserved 557056K
  class space    used 14379K, committed 14848K, reserved 425984K
}

